2024-09-08 11:10:00 INFO  nopCommerceSDET:65 - ************* Launching Browser *****************
2024-09-08 11:10:00 INFO  nopCommerceSDET:71 - ************* Opening URL  *****************
2024-09-08 11:10:01 INFO  nopCommerceSDET:78 - ************* Prvding user and password *****************
2024-09-08 11:10:01 INFO  nopCommerceSDET:85 - ************* click on login *****************
2024-09-08 11:10:02 INFO  nopCommerceSDET:65 - ************* Launching Browser *****************
2024-09-08 11:10:02 INFO  nopCommerceSDET:71 - ************* Opening URL  *****************
2024-09-08 11:10:03 INFO  nopCommerceSDET:78 - ************* Prvding user and password *****************
2024-09-08 11:10:04 INFO  nopCommerceSDET:85 - ************* click on login *****************
2024-09-08 11:10:05 INFO  nopCommerceSDET:65 - ************* Launching Browser *****************
2024-09-08 11:10:05 INFO  nopCommerceSDET:71 - ************* Opening URL  *****************
2024-09-08 11:10:06 INFO  nopCommerceSDET:78 - ************* Prvding user and password *****************
2024-09-08 11:10:06 INFO  nopCommerceSDET:85 - ************* click on login *****************
2024-09-08 11:13:04 INFO  nopCommerceSDET:65 - ************* Launching Browser *****************
2024-09-08 11:13:04 INFO  nopCommerceSDET:71 - ************* Opening URL  *****************
2024-09-08 11:13:05 INFO  nopCommerceSDET:78 - ************* Prvding user and password *****************
2024-09-08 11:13:06 INFO  nopCommerceSDET:85 - ************* click on login *****************
2024-09-08 11:13:06 INFO  nopCommerceSDET:100 - ************* Login Passed *****************
2024-09-08 11:13:55 INFO  nopCommerceSDET:65 - ************* Launching Browser *****************
2024-09-08 11:13:55 INFO  nopCommerceSDET:71 - ************* Opening URL  *****************
2024-09-08 11:13:56 INFO  nopCommerceSDET:78 - ************* Prvding user and password *****************
2024-09-08 11:13:57 INFO  nopCommerceSDET:85 - ************* click on login *****************
2024-09-08 11:17:23 INFO  nopCommerceSDET:65 - ************* Launching Browser *****************
2024-09-08 11:17:23 INFO  nopCommerceSDET:71 - ************* Opening URL  *****************
2024-09-08 11:17:26 INFO  nopCommerceSDET:78 - ************* Prvding user and password *****************
2024-09-08 11:17:26 INFO  nopCommerceSDET:85 - ************* click on login *****************
2024-09-08 11:17:26 INFO  nopCommerceSDET:100 - ************* Login Passed *****************
